[13:16:02] [main/INFO]: Setting user: Player727
[13:16:03] [Client thread/INFO]: LWJGL Version: 2.9.1
[13:16:08] [Client thread/INFO]: Reloading ResourceManager: Default, FMLFileResourcePack:Forge Mod Loader, FMLFileResourcePack:Minecraft Forge, FMLFileResourcePack:nanotech
[13:16:09] [Sound Library Loader/INFO]: Sound engine started
[13:16:10] [Client thread/INFO]: Created: 512x256 textures/blocks-atlas
[13:16:10] [Client thread/INFO]: Created: 256x256 textures/items-atlas
[13:16:10] [Client thread/INFO]: Reloading ResourceManager: Default, FMLFileResourcePack:Forge Mod Loader, FMLFileResourcePack:Minecraft Forge, FMLFileResourcePack:nanotech
[13:16:10] [Client thread/INFO]: Created: 256x256 textures/items-atlas
[13:16:10] [Client thread/INFO]: Created: 512x256 textures/blocks-atlas
[13:16:11] [Sound Library Loader/INFO]: Sound engine started
[13:16:13] [Server thread/INFO]: Starting integrated minecraft server version 1.7.10
[13:16:13] [Server thread/INFO]: Generating keypair
[13:16:14] [Server thread/INFO]: Preparing start region for level 0
[13:16:15] [Server thread/INFO]: Changing view distance to 12, from 10
[13:16:15] [Server thread/INFO]: Player727[local:E:979f81d9] logged in with entity id 181 at (1.3551247898894423, 11.778821771743045, 13.632733560608823)
[13:16:15] [Server thread/INFO]: Player727 joined the game
[13:16:44] [Server thread/INFO]: Player727 has just earned the achievement [Taking Inventory]
[13:16:44] [Client thread/INFO]: [CHAT] Player727 has just earned the achievement [Taking Inventory]
[13:16:54] [Server thread/INFO]: [Player727: Set the time to 6000]
[13:16:54] [Client thread/INFO]: [CHAT] Set the time to 6000
[13:23:00] [Server thread/INFO]: [Player727: Set the time to 6000]
[13:23:00] [Client thread/INFO]: [CHAT] Set the time to 6000
[13:23:05] [Server thread/INFO]: [Player727: Game rule has been updated]
[13:23:05] [Client thread/INFO]: [CHAT] Game rule has been updated
[13:23:09] [Server thread/INFO]: [Player727: Set the time to 6000]
[13:23:09] [Client thread/INFO]: [CHAT] Set the time to 6000
[13:24:13] [Server thread/INFO]: [Player727: Set the time to 13000]
[13:24:13] [Client thread/INFO]: [CHAT] Set the time to 13000
[13:24:23] [Server thread/INFO]: [Player727: Set the time to 14000]
[13:24:23] [Client thread/INFO]: [CHAT] Set the time to 14000
[13:24:28] [Server thread/INFO]: [Player727: Set the time to 16000]
[13:24:28] [Client thread/INFO]: [CHAT] Set the time to 16000
[13:24:33] [Server thread/INFO]: [Player727: Set the time to 17000]
[13:24:33] [Client thread/INFO]: [CHAT] Set the time to 17000
[13:24:37] [Server thread/INFO]: [Player727: Set the time to 18000]
[13:24:37] [Client thread/INFO]: [CHAT] Set the time to 18000
[13:30:46] [Server thread/INFO]: Saving and pausing game...
[13:30:46] [Server thread/INFO]: Saving chunks for level 'NanoTech Testing Facility'/Overworld
[13:30:46] [Server thread/INFO]: Saving chunks for level 'NanoTech Testing Facility'/Nether
[13:30:46] [Server thread/INFO]: Saving chunks for level 'NanoTech Testing Facility'/The End
[13:30:46] [Server thread/INFO]: Saving and pausing game...
[13:30:46] [Server thread/INFO]: Saving chunks for level 'NanoTech Testing Facility'/Overworld
[13:30:46] [Server thread/INFO]: Saving chunks for level 'NanoTech Testing Facility'/Nether
[13:30:46] [Server thread/INFO]: Saving chunks for level 'NanoTech Testing Facility'/The End
[13:30:47] [Server thread/INFO]: Stopping server
[13:30:47] [Server thread/INFO]: Saving players
[13:30:47] [Server thread/INFO]: Saving worlds
[13:30:47] [Server thread/INFO]: Saving chunks for level 'NanoTech Testing Facility'/Overworld
[13:30:47] [Server thread/INFO]: Saving chunks for level 'NanoTech Testing Facility'/Nether
[13:30:47] [Server thread/INFO]: Saving chunks for level 'NanoTech Testing Facility'/The End
[13:30:48] [Client thread/INFO]: Stopping!
